<?xml version="1.0" encoding="UTF-8"?>
<coverage generated="1689173180225" clover="3.2.0">
  <project timestamp="1689173180225" name="All files">
    <metrics statements="8" coveredstatements="7" conditionals="2" coveredconditionals="1" methods="4" coveredmethods="4" elements="14" coveredelements="12" complexity="0" loc="8" ncloc="8" packages="1" files="2" classes="2"/>
    <file name="uniqueArray.js" path="/Volumes/projets/programmers/week1/frontend/src/utils/uniqueArray.js">
      <metrics statements="1" coveredstatements="1" conditionals="0" coveredconditionals="0" methods="1" coveredmethods="1"/>
      <line num="2" count="2" type="stmt"/>
    </file>
    <file name="validator.js" path="/Volumes/projets/programmers/week1/frontend/src/utils/validator.js">
      <metrics statements="7" coveredstatements="6" conditionals="2" coveredconditionals="1" methods="3" coveredmethods="3"/>
      <line num="3" count="1" type="stmt"/>
      <line num="4" count="1" type="cond" truecount="1" falsecount="1"/>
      <line num="5" count="1" type="stmt"/>
      <line num="7" count="0" type="stmt"/>
      <line num="11" count="1" type="stmt"/>
      <line num="13" count="3" type="stmt"/>
      <line num="17" count="1" type="stmt"/>
    </file>
  </project>
</coverage>
